PRT1
21
50
4 0 9 (788 0 64 ) (788 0 -384 ) (832 0 -384 ) (832 0 64 ) 
4 0 8 (832 0 496 ) (788 0 496 ) (788 0 64 ) (832 0 64 ) 
4 0 2 (788 0 64 ) (788 0 496 ) (788 620 496 ) (788 620 64 ) 
4 0 3 (788 620 -384 ) (788 0 -384 ) (788 0 0 ) (788 620 0 ) 
4 0 1 (788 640 496 ) (788 640 -384 ) (788 620 -384 ) (788 620 496 ) 
4 1 4 (0 620 496 ) (0 640 496 ) (0 640 -384 ) (0 620 -384 ) 
4 1 2 (788 620 64 ) (788 620 496 ) (0 620 496 ) (0 620 64 ) 
4 1 3 (0 620 -384 ) (788 620 -384 ) (788 620 0 ) (0 620 0 ) 
4 2 8 (788 0 496 ) (0 0 496 ) (0 0 64 ) (788 0 64 ) 
4 2 5 (0 0 64 ) (0 0 496 ) (0 620 496 ) (0 620 64 ) 
4 3 10 (0 0 0 ) (0 0 -384 ) (788 0 -384 ) (788 0 0 ) 
4 3 6 (0 0 -384 ) (0 0 0 ) (0 620 0 ) (0 620 -384 ) 
4 4 5 (-816 620 496 ) (-816 620 64 ) (0 620 64 ) (0 620 496 ) 
4 4 6 (-816 620 0 ) (-816 620 -384 ) (0 620 -384 ) (0 620 0 ) 
4 4 7 (-816 640 496 ) (-816 640 -384 ) (-816 620 -384 ) (-816 620 496 ) 
4 5 13 (-384 0 496 ) (-580 0 496 ) (-580 0 64 ) (-384 0 64 ) 
4 5 12 (0 0 64 ) (0 0 496 ) (-384 0 496 ) (-384 0 64 ) 
4 5 17 (-580 0 496 ) (-816 0 496 ) (-816 0 64 ) (-580 0 64 ) 
4 5 7 (-816 0 64 ) (-816 0 496 ) (-816 620 496 ) (-816 620 64 ) 
4 6 18 (0 0 -384 ) (0 0 0 ) (-816 0 0 ) (-816 0 -384 ) 
4 6 7 (-816 620 -384 ) (-816 0 -384 ) (-816 0 0 ) (-816 620 0 ) 
4 7 20 (-832 0 64 ) (-832 0 -384 ) (-816 0 -384 ) (-816 0 64 ) 
4 7 17 (-816 0 496 ) (-832 0 496 ) (-832 0 64 ) (-816 0 64 ) 
4 8 12 (0 0 496 ) (0 0 64 ) (0 -704 64 ) (0 -704 496 ) 
4 8 11 (0 -704 64 ) (0 -688 64 ) (832 -688 64 ) (832 -704 64 ) 
4 8 9 (788 0 64 ) (832 0 64 ) (832 -688 64 ) (788 -688 64 ) 
4 9 11 (788 -688 -384 ) (832 -688 -384 ) (832 -688 64 ) (788 -688 64 ) 
4 9 10 (788 0 -384 ) (788 -688 -384 ) (788 -688 0 ) (788 0 0 ) 
4 10 18 (0 0 0 ) (0 0 -384 ) (0 -688 -384 ) (0 -688 0 ) 
4 10 11 (0 -688 -384 ) (788 -688 -384 ) (788 -688 0 ) (0 -688 0 ) 
4 11 19 (0 -688 -384 ) (0 -704 -384 ) (0 -704 64 ) (0 -688 64 ) 
4 12 19 (0 -704 64 ) (-384 -704 64 ) (-384 -688 64 ) (0 -688 64 ) 
4 12 14 (-384 -608 384 ) (-384 -608 496 ) (-384 -406 496 ) (-384 -406 384 ) 
4 12 15 (-384 -406 64 ) (-384 -608 64 ) (-384 -608 320 ) (-384 -406 320 ) 
4 12 13 (-384 0 64 ) (-384 -406 64 ) (-384 -406 496 ) (-384 0 496 ) 
4 12 16 (-384 -608 64 ) (-384 -704 64 ) (-384 -704 496 ) (-384 -608 496 ) 
4 13 14 (-580 -406 496 ) (-580 -406 384 ) (-384 -406 384 ) (-384 -406 496 ) 
4 13 15 (-580 -406 320 ) (-580 -406 64 ) (-384 -406 64 ) (-384 -406 320 ) 
4 13 17 (-580 0 64 ) (-580 -406 64 ) (-580 -406 496 ) (-580 0 496 ) 
4 14 16 (-580 -608 496 ) (-580 -608 384 ) (-384 -608 384 ) (-384 -608 496 ) 
4 14 17 (-580 -608 384 ) (-580 -608 496 ) (-580 -406 496 ) (-580 -406 384 ) 
4 15 17 (-580 -406 64 ) (-580 -608 64 ) (-580 -608 320 ) (-580 -406 320 ) 
4 15 16 (-580 -608 320 ) (-580 -608 64 ) (-384 -608 64 ) (-384 -608 320 ) 
4 16 19 (-384 -704 64 ) (-580 -704 64 ) (-580 -688 64 ) (-384 -688 64 ) 
4 16 17 (-580 -608 64 ) (-580 -704 64 ) (-580 -704 496 ) (-580 -608 496 ) 
4 17 19 (-580 -704 64 ) (-816 -704 64 ) (-816 -688 64 ) (-580 -688 64 ) 
4 17 20 (-816 -704 64 ) (-832 -704 64 ) (-832 0 64 ) (-816 0 64 ) 
4 18 19 (-816 -688 0 ) (-816 -688 -384 ) (0 -688 -384 ) (0 -688 0 ) 
4 18 20 (-816 0 -384 ) (-816 -688 -384 ) (-816 -688 0 ) (-816 0 0 ) 
4 19 20 (-816 -688 -384 ) (-816 -704 -384 ) (-816 -704 64 ) (-816 -688 64 ) 
