PRT1
85
255
4 0 2 (2007 1024 584 ) (1024 1024 584 ) (1024 1024 -377 ) (2007 1024 -377 ) 
4 0 1 (1024 1024 -377 ) (1024 1024 584 ) (1024 1316 584 ) (1024 1316 -377 ) 
4 1 24 (0 1024 -377 ) (0 1024 584 ) (0 1316 584 ) (0 1316 -377 ) 
4 1 23 (0 1024 -32 ) (0 1024 -377 ) (320 1024 -377 ) (320 1024 -32 ) 
4 1 19 (320 1024 584 ) (0 1024 584 ) (0 1024 -32 ) (320 1024 -32 ) 
4 1 17 (320 1024 -16 ) (320 1024 -377 ) (352 1024 -377 ) (352 1024 -16 ) 
4 1 16 (352 1024 -377 ) (960 1024 -377 ) (960 1024 -16 ) (352 1024 -16 ) 
4 1 15 (320 1024 304 ) (320 1024 -16 ) (352 1024 -16 ) (352 1024 304 ) 
4 1 14 (352 1024 -16 ) (608 1024 -16 ) (608 1024 304 ) (352 1024 304 ) 
4 1 12 (608 1024 -16 ) (625.778015 1024 -16 ) (625.778015 1024 304 ) (608 1024 304 ) 
4 1 7 (625.778015 1024 -16 ) (960 1024 -16 ) (960 1024 304 ) (625.778015 1024 304 ) 
4 1 6 (320 1024 320 ) (320 1024 304 ) (352 1024 304 ) (352 1024 320 ) 
4 1 5 (352 1024 304 ) (960 1024 304 ) (960 1024 320 ) (352 1024 320 ) 
4 1 4 (960 1024 584 ) (320 1024 584 ) (320 1024 320 ) (960 1024 320 ) 
4 1 3 (1024 1024 -377 ) (1024 1024 584 ) (960 1024 584 ) (960 1024 -377 ) 
4 2 50 (2007 0 584 ) (1024 0 584 ) (1024 0 -377 ) (2007 0 -377 ) 
4 2 3 (1024 1024 584 ) (1024 1024 -377 ) (1024 0 -377 ) (1024 0 584 ) 
4 3 55 (1024 0 -377 ) (1024 0 13.090900 ) (960 0 13.090900 ) (960 0 -377 ) 
4 3 52 (1024 0 13.090900 ) (1024 0 304 ) (960 0 304 ) (960 0 13.090900 ) 
4 3 51 (1024 0 304 ) (1024 0 584 ) (960 0 584 ) (960 0 304 ) 
4 3 16 (960 1024 -16 ) (960 1024 -377 ) (960 0 -377 ) (960 0 -16 ) 
4 3 10 (960 268.444031 272 ) (960 272 272 ) (960 272 13.090900 ) (960 268.444031 13.090900 ) 
4 3 8 (960 268.444031 304 ) (960 272 304 ) (960 272 301.091003 ) (960 268.444031 301.091003 ) 
4 3 7 (960 1024 304 ) (960 1024 -16 ) (960 289.778992 -16 ) (960 289.778992 304 ) 
4 3 5 (960 1024 320 ) (960 1024 304 ) (960 0 304 ) (960 0 320 ) 
4 3 4 (960 1024 584 ) (960 1024 320 ) (960 0 320 ) (960 0 584 ) 
4 4 65 (352 0 584 ) (320 0 584 ) (320 0 320 ) (352 0 320 ) 
4 4 64 (608 0 584 ) (352 0 584 ) (352 0 320 ) (608 0 320 ) 
4 4 61 (625.778015 0 584 ) (608 0 584 ) (608 0 320 ) (625.778015 0 320 ) 
4 4 53 (941.333008 0 584 ) (625.778015 0 584 ) (625.778015 0 320 ) (941.333008 0 320 ) 
4 4 51 (960 0 320 ) (960 0 584 ) (941.333008 0 584 ) (941.333008 0 320 ) 
4 4 21 (320 0 320 ) (320 0 584 ) (320 256 584 ) (320 256 320 ) 
4 4 20 (320 256 584 ) (320 288 584 ) (320 288 320 ) (320 256 320 ) 
4 4 19 (320 288 584 ) (320 1024 584 ) (320 1024 320 ) (320 288 320 ) 
4 4 6 (320 256 320 ) (320 1024 320 ) (352 1024 320 ) (352 256 320 ) 
4 4 5 (352 1024 320 ) (960 1024 320 ) (960 0 320 ) (352 0 320 ) 
4 5 64 (608 0 320 ) (352 0 320 ) (352 0 304 ) (608 0 304 ) 
4 5 61 (625.778015 0 320 ) (608 0 320 ) (608 0 304 ) (625.778015 0 304 ) 
4 5 53 (941.333008 0 320 ) (625.778015 0 320 ) (625.778015 0 304 ) (941.333008 0 304 ) 
4 5 51 (960 0 304 ) (960 0 320 ) (941.333008 0 320 ) (941.333008 0 304 ) 
4 5 14 (352 1024 304 ) (608 1024 304 ) (608 0 304 ) (352 0 304 ) 
4 5 13 (608 288 304 ) (608 289.778992 304 ) (624 289.778992 304 ) (624 288 304 ) 
4 5 12 (608 1024 304 ) (625.778015 1024 304 ) (625.778015 289.778992 304 ) (608 289.778992 304 ) 
4 5 9 (941.333008 0 304 ) (625.778015 0 304 ) (625.778015 272 304 ) (941.333008 272 304 ) 
4 5 8 (960 272 304 ) (960 268.444031 304 ) (941.333008 268.444031 304 ) (941.333008 272 304 ) 
4 5 7 (625.778015 1024 304 ) (960 1024 304 ) (960 289.778992 304 ) (625.778015 289.778992 304 ) 
4 5 6 (352 1024 304 ) (352 256 304 ) (352 256 320 ) (352 1024 320 ) 
4 6 19 (320 288 320 ) (320 1024 320 ) (320 1024 304 ) (320 288 304 ) 
4 6 15 (320 256 304 ) (320 1024 304 ) (352 1024 304 ) (352 256 304 ) 
4 7 16 (625.778015 1024 -16 ) (960 1024 -16 ) (960 289.778992 -16 ) (625.778015 289.778992 -16 ) 
4 7 12 (625.778015 1024 -16 ) (625.778015 289.778992 -16 ) (625.778015 289.778992 304 ) (625.778015 1024 304 ) 
4 8 9 (941.333008 272 304 ) (941.333008 272 301.091003 ) (941.333008 268.444031 301.091003 ) (941.333008 268.444031 304 ) 
4 9 53 (941.333008 0 304 ) (625.778015 0 304 ) (625.778015 0 301.091003 ) (941.333008 0 301.091003 ) 
4 10 11 (941.333008 272 13.090900 ) (941.333008 268.444031 13.090900 ) (941.333008 268.444031 272 ) (941.333008 272 272 ) 
4 11 54 (941.333008 0 272 ) (625.778015 0 272 ) (625.778015 0 13.090900 ) (941.333008 0 13.090900 ) 
4 12 16 (608 1024 -16 ) (625.778015 1024 -16 ) (625.778015 289.778992 -16 ) (608 289.778992 -16 ) 
4 12 14 (608 1024 -16 ) (608 289.778992 -16 ) (608 289.778992 304 ) (608 1024 304 ) 
4 12 13 (608 289.778992 304 ) (608 289.778992 -16 ) (624 289.778992 -16 ) (624 289.778992 304 ) 
4 13 16 (608 288 -16 ) (608 289.778992 -16 ) (624 289.778992 -16 ) (624 288 -16 ) 
4 13 14 (608 289.778992 -16 ) (608 288 -16 ) (608 288 304 ) (608 289.778992 304 ) 
4 14 64 (608 0 304 ) (352 0 304 ) (352 0 -16 ) (608 0 -16 ) 
4 14 16 (352 1024 -16 ) (608 1024 -16 ) (608 0 -16 ) (352 0 -16 ) 
4 14 15 (352 1024 -16 ) (352 256 -16 ) (352 256 304 ) (352 1024 304 ) 
4 15 19 (320 288 304 ) (320 1024 304 ) (320 1024 -16 ) (320 288 -16 ) 
4 15 17 (320 256 -16 ) (320 1024 -16 ) (352 1024 -16 ) (352 256 -16 ) 
4 16 71 (352 0 -32 ) (352 0 -377 ) (625.778015 0 -377 ) (625.778015 0 -32 ) 
4 16 64 (608 0 -16 ) (352 0 -16 ) (352 0 -32 ) (608 0 -32 ) 
4 16 62 (625.778015 0 -16 ) (608 0 -16 ) (608 0 -32 ) (625.778015 0 -32 ) 
4 16 56 (960 0 -377 ) (960 0 -16 ) (625.778015 0 -16 ) (625.778015 0 -377 ) 
4 16 18 (352 256 -377 ) (352 0 -377 ) (352 0 -32 ) (352 256 -32 ) 
4 16 17 (352 1024 -377 ) (352 256 -377 ) (352 256 -16 ) (352 1024 -16 ) 
4 17 23 (320 1024 -32 ) (320 1024 -377 ) (320 256 -377 ) (320 256 -32 ) 
4 17 19 (320 288 -16 ) (320 1024 -16 ) (320 1024 -32 ) (320 288 -32 ) 
4 17 18 (320 256 -377 ) (352 256 -377 ) (352 256 -32 ) (320 256 -32 ) 
4 18 71 (320 0 -32 ) (320 0 -377 ) (352 0 -377 ) (352 0 -32 ) 
4 18 23 (320 0 -377 ) (320 0 -32 ) (320 256 -32 ) (320 256 -377 ) 
4 19 26 (0 1024 584 ) (0 1024 -32 ) (0 288 -32 ) (0 288 584 ) 
4 19 23 (0 288 -32 ) (0 1024 -32 ) (320 1024 -32 ) (320 288 -32 ) 
4 19 20 (320 288 320 ) (320 288 584 ) (0 288 584 ) (0 288 320 ) 
4 20 27 (0 256 320 ) (0 256 584 ) (0 288 584 ) (0 288 320 ) 
4 20 21 (320 256 320 ) (320 256 584 ) (0 256 584 ) (0 256 320 ) 
4 21 67 (320 0 320 ) (320 0 584 ) (0 0 584 ) (0 0 320 ) 
4 21 28 (0 0 320 ) (0 0 584 ) (0 256 584 ) (0 256 320 ) 
4 22 68 (320 0 0 ) (320 0 288 ) (0 0 288 ) (0 0 0 ) 
4 22 29 (0 0 0 ) (0 0 288 ) (0 256 288 ) (0 256 0 ) 
4 23 71 (320 0 -377 ) (320 0 -32 ) (0 0 -32 ) (0 0 -377 ) 
4 23 48 (0 0 -377 ) (0 0 -32 ) (0 1024 -32 ) (0 1024 -377 ) 
4 24 48 (0 1024 -377 ) (0 1024 -32 ) (-1024 1024 -32 ) (-1024 1024 -377 ) 
4 24 43 (-832 1024 -32 ) (-819.624023 1024 -32 ) (-819.624023 1024 288 ) (-832 1024 288 ) 
4 24 45 (-1024 1024 288 ) (-1024 1024 -32 ) (-832 1024 -32 ) (-832 1024 288 ) 
4 24 34 (-819.624023 1024 -32 ) (-609.237976 1024 -32 ) (-609.237976 1024 288 ) (-819.624023 1024 288 ) 
4 24 33 (-609.237976 1024 -32 ) (-256 1024 -32 ) (-256 1024 288 ) (-609.237976 1024 288 ) 
4 24 30 (-256 1024 584 ) (-288 1024 584 ) (-288 1024 288 ) (-256 1024 288 ) 
4 24 32 (-288 1024 584 ) (-1024 1024 584 ) (-1024 1024 288 ) (-288 1024 288 ) 
4 24 26 (0 1024 -32 ) (0 1024 584 ) (-256 1024 584 ) (-256 1024 -32 ) 
4 24 25 (-1024 1316 -377 ) (-1024 1024 -377 ) (-1024 1024 584 ) (-1024 1316 584 ) 
4 25 49 (-1471 1024 -377 ) (-1024 1024 -377 ) (-1024 1024 584 ) (-1471 1024 584 ) 
4 26 48 (-256 288 -32 ) (-256 1024 -32 ) (0 1024 -32 ) (0 288 -32 ) 
4 26 46 (-256 480 -32 ) (-256 288 -32 ) (-256 288 288 ) (-256 480 288 ) 
4 26 35 (-256 693.305054 -32 ) (-256 480 -32 ) (-256 480 288 ) (-256 693.305054 288 ) 
4 26 33 (-256 1024 288 ) (-256 1024 -32 ) (-256 693.305054 -32 ) (-256 693.305054 288 ) 
4 26 30 (-256 1024 584 ) (-256 1024 288 ) (-256 288 288 ) (-256 288 584 ) 
4 26 27 (0 288 584 ) (-256 288 584 ) (-256 288 320 ) (0 288 320 ) 
4 27 30 (-256 256 320 ) (-256 256 584 ) (-256 288 584 ) (-256 288 320 ) 
4 27 28 (-256 256 584 ) (-256 256 320 ) (0 256 320 ) (0 256 584 ) 
4 28 74 (0 0 320 ) (0 0 584 ) (-256 0 584 ) (-256 0 320 ) 
4 28 31 (-256 0 320 ) (-256 0 584 ) (-256 256 584 ) (-256 256 320 ) 
4 29 75 (0 0 0 ) (0 0 288 ) (-256 0 288 ) (-256 0 0 ) 
4 30 46 (-256 480 288 ) (-256 256 288 ) (-288 256 288 ) (-288 480 288 ) 
4 30 35 (-256 693.305054 288 ) (-256 480 288 ) (-288 480 288 ) (-288 693.305054 288 ) 
4 30 33 (-288 1024 288 ) (-256 1024 288 ) (-256 693.305054 288 ) (-288 693.305054 288 ) 
4 30 31 (-288 256 584 ) (-288 256 320 ) (-256 256 320 ) (-256 256 584 ) 
4 30 32 (-288 1024 288 ) (-288 256 288 ) (-288 256 584 ) (-288 1024 584 ) 
4 31 78 (-256 0 320 ) (-256 0 584 ) (-288 0 584 ) (-288 0 320 ) 
4 31 32 (-288 0 320 ) (-288 0 584 ) (-288 256 584 ) (-288 256 320 ) 
4 32 80 (-1024 0 320 ) (-1024 0 288 ) (-288 0 288 ) (-288 0 320 ) 
4 32 78 (-1024 0 584 ) (-1024 0 320 ) (-288 0 320 ) (-288 0 584 ) 
4 32 49 (-1024 1024 584 ) (-1024 1024 288 ) (-1024 0 288 ) (-1024 0 584 ) 
4 32 47 (-288 480 288 ) (-288 0 288 ) (-1024 0 288 ) (-1024 480 288 ) 
4 32 44 (-832 704.530029 288 ) (-832 705.778992 288 ) (-820.861023 705.778992 288 ) (-820.861023 704.530029 288 ) 
4 32 43 (-832 1024 288 ) (-819.624023 1024 288 ) (-819.624023 705.778992 288 ) (-832 705.778992 288 ) 
4 32 45 (-1024 1024 288 ) (-832 1024 288 ) (-832 480 288 ) (-1024 480 288 ) 
4 32 41 (-819.624023 492.473999 288 ) (-819.624023 690.809021 288 ) (-620.375977 690.809021 288 ) (-620.375977 492.473999 288 ) 
4 32 40 (-819.624023 690.809021 288 ) (-819.624023 693.305054 288 ) (-620.375977 693.305054 288 ) (-620.375977 690.809021 288 ) 
4 32 37 (-608 480 288 ) (-609.237976 480 288 ) (-609.237976 491.226990 288 ) (-608 491.226990 288 ) 
4 32 36 (-620.375977 690.809021 288 ) (-620.375977 693.305054 288 ) (-608 693.305054 288 ) (-608 690.809021 288 ) 
4 32 35 (-288 693.305054 288 ) (-288 480 288 ) (-608 480 288 ) (-608 693.305054 288 ) 
4 32 34 (-819.624023 1024 288 ) (-609.237976 1024 288 ) (-609.237976 705.778992 288 ) (-819.624023 705.778992 288 ) 
4 32 33 (-609.237976 1024 288 ) (-288 1024 288 ) (-288 693.305054 288 ) (-609.237976 693.305054 288 ) 
4 33 48 (-609.237976 1024 -32 ) (-256 1024 -32 ) (-256 693.305054 -32 ) (-609.237976 693.305054 -32 ) 
4 33 38 (-609.237976 693.305054 -32 ) (-608 693.305054 -32 ) (-608 693.305054 -2.909100 ) (-609.237976 693.305054 -2.909100 ) 
4 33 36 (-608 693.305054 -2.909100 ) (-608 693.305054 288 ) (-609.237976 693.305054 288 ) (-609.237976 693.305054 -2.909100 ) 
4 33 35 (-608 693.305054 -32 ) (-256 693.305054 -32 ) (-256 693.305054 288 ) (-608 693.305054 288 ) 
4 33 34 (-609.237976 1024 -32 ) (-609.237976 705.778992 -32 ) (-609.237976 705.778992 288 ) (-609.237976 1024 288 ) 
4 34 48 (-819.624023 1024 -32 ) (-609.237976 1024 -32 ) (-609.237976 705.778992 -32 ) (-819.624023 705.778992 -32 ) 
4 34 43 (-819.624023 1024 -32 ) (-819.624023 705.778992 -32 ) (-819.624023 705.778992 288 ) (-819.624023 1024 288 ) 
4 35 48 (-256 693.305054 -32 ) (-256 480 -32 ) (-608 480 -32 ) (-608 693.305054 -32 ) 
4 35 46 (-288 480 -32 ) (-256 480 -32 ) (-256 480 288 ) (-288 480 288 ) 
4 35 47 (-608 480 -32 ) (-288 480 -32 ) (-288 480 288 ) (-608 480 288 ) 
4 35 39 (-608 491.226990 -32 ) (-608 480 -32 ) (-608 480 -2.909100 ) (-608 491.226990 -2.909100 ) 
4 35 38 (-608 693.305054 -2.909100 ) (-608 693.305054 -32 ) (-608 690.809021 -32 ) (-608 690.809021 -2.909100 ) 
4 35 37 (-608 491.226990 -2.909100 ) (-608 480 -2.909100 ) (-608 480 288 ) (-608 491.226990 288 ) 
4 35 36 (-608 693.305054 288 ) (-608 693.305054 -2.909100 ) (-608 690.809021 -2.909100 ) (-608 690.809021 288 ) 
4 36 40 (-620.375977 693.305054 288 ) (-620.375977 693.305054 -2.909100 ) (-620.375977 690.809021 -2.909100 ) (-620.375977 690.809021 288 ) 
4 36 38 (-609.237976 693.305054 -2.909100 ) (-608 693.305054 -2.909100 ) (-608 690.809021 -2.909100 ) (-609.237976 690.809021 -2.909100 ) 
4 37 47 (-608 480 -2.909100 ) (-608 480 288 ) (-609.237976 480 288 ) (-609.237976 480 -2.909100 ) 
4 37 39 (-609.237976 491.226990 -2.909100 ) (-608 491.226990 -2.909100 ) (-608 480 -2.909100 ) (-609.237976 480 -2.909100 ) 
4 38 48 (-609.237976 693.305054 -32 ) (-608 693.305054 -32 ) (-608 690.809021 -32 ) (-609.237976 690.809021 -32 ) 
4 39 48 (-608 480 -32 ) (-609.237976 480 -32 ) (-609.237976 491.226990 -32 ) (-608 491.226990 -32 ) 
4 39 47 (-609.237976 480 -32 ) (-608 480 -32 ) (-608 480 -2.909100 ) (-609.237976 480 -2.909100 ) 
4 40 42 (-819.624023 690.809021 256 ) (-819.624023 690.809021 -2.909100 ) (-620.375977 690.809021 -2.909100 ) (-620.375977 690.809021 256 ) 
4 40 41 (-819.624023 690.809021 288 ) (-819.624023 690.809021 285.091003 ) (-620.375977 690.809021 285.091003 ) (-620.375977 690.809021 288 ) 
4 43 48 (-832 1024 -32 ) (-819.624023 1024 -32 ) (-819.624023 705.778992 -32 ) (-832 705.778992 -32 ) 
4 43 44 (-832 705.778992 288 ) (-832 705.778992 -32 ) (-820.861023 705.778992 -32 ) (-820.861023 705.778992 288 ) 
4 43 45 (-832 1024 -32 ) (-832 705.778992 -32 ) (-832 705.778992 288 ) (-832 1024 288 ) 
4 44 48 (-832 704.530029 -32 ) (-832 705.778992 -32 ) (-820.861023 705.778992 -32 ) (-820.861023 704.530029 -32 ) 
4 44 45 (-832 705.778992 -32 ) (-832 704.530029 -32 ) (-832 704.530029 288 ) (-832 705.778992 288 ) 
4 45 49 (-1024 1024 288 ) (-1024 1024 -32 ) (-1024 480 -32 ) (-1024 480 288 ) 
4 45 48 (-1024 480 -32 ) (-1024 1024 -32 ) (-832 1024 -32 ) (-832 480 -32 ) 
4 45 47 (-1024 480 -32 ) (-832 480 -32 ) (-832 480 288 ) (-1024 480 288 ) 
4 46 48 (-288 256 -32 ) (-288 480 -32 ) (-256 480 -32 ) (-256 256 -32 ) 
4 46 47 (-288 480 288 ) (-288 480 -32 ) (-288 256 -32 ) (-288 256 288 ) 
4 47 80 (-1024 0 288 ) (-1024 0 -32 ) (-288 0 -32 ) (-288 0 288 ) 
4 47 49 (-1024 480 -32 ) (-1024 0 -32 ) (-1024 0 288 ) (-1024 480 288 ) 
4 47 48 (-288 0 -32 ) (-1024 0 -32 ) (-1024 480 -32 ) (-288 480 -32 ) 
4 48 81 (0 0 -377 ) (0 0 -32 ) (-1024 0 -32 ) (-1024 0 -377 ) 
4 48 49 (-1024 1024 -32 ) (-1024 1024 -377 ) (-1024 0 -377 ) (-1024 0 -32 ) 
4 49 82 (-1024 0 -377 ) (-1024 0 584 ) (-1471 0 584 ) (-1471 0 -377 ) 
4 50 72 (2007 -1024 584 ) (1024 -1024 584 ) (1024 -1024 -377 ) (2007 -1024 -377 ) 
4 50 60 (1024 -1024 -377 ) (1024 -1024 -16 ) (1024 -14.222201 -16 ) (1024 -14.222201 -377 ) 
4 50 57 (1024 -1024 -16 ) (1024 -1024 584 ) (1024 -14.222201 584 ) (1024 -14.222201 -16 ) 
4 50 55 (1024 0 13.090900 ) (1024 0 -377 ) (1024 -14.222201 -377 ) (1024 -14.222201 13.090900 ) 
4 50 52 (1024 0 304 ) (1024 0 13.090900 ) (1024 -14.222201 13.090900 ) (1024 -14.222201 304 ) 
4 50 51 (1024 -14.222201 584 ) (1024 0 584 ) (1024 0 304 ) (1024 -14.222201 304 ) 
4 51 58 (960 -14.222201 584 ) (941.333008 -14.222201 584 ) (941.333008 -14.222201 304 ) (960 -14.222201 304 ) 
4 51 57 (1024 -14.222201 304 ) (1024 -14.222201 584 ) (960 -14.222201 584 ) (960 -14.222201 304 ) 
4 51 53 (941.333008 -14.222201 304 ) (941.333008 -14.222201 584 ) (941.333008 0 584 ) (941.333008 0 304 ) 
4 51 52 (1024 -14.222201 304 ) (960 -14.222201 304 ) (960 0 304 ) (1024 0 304 ) 
4 52 57 (960 -14.222201 13.090900 ) (1024 -14.222201 13.090900 ) (1024 -14.222201 304 ) (960 -14.222201 304 ) 
4 52 55 (1024 -14.222201 13.090900 ) (960 -14.222201 13.090900 ) (960 0 13.090900 ) (1024 0 13.090900 ) 
4 53 61 (625.778015 0 584 ) (625.778015 0 304 ) (625.778015 -14.222201 304 ) (625.778015 -14.222201 584 ) 
4 53 58 (625.778015 -14.222201 584 ) (625.778015 -14.222201 304 ) (941.333008 -14.222201 304 ) (941.333008 -14.222201 584 ) 
4 55 60 (960 -14.222201 -377 ) (1024 -14.222201 -377 ) (1024 -14.222201 -16 ) (960 -14.222201 -16 ) 
4 55 57 (1024 -14.222201 -16 ) (1024 -14.222201 13.090900 ) (960 -14.222201 13.090900 ) (960 -14.222201 -16 ) 
4 55 56 (960 0 -377 ) (960 -14.222201 -377 ) (960 -14.222201 -16 ) (960 0 -16 ) 
4 56 71 (625.778015 0 -32 ) (625.778015 0 -377 ) (625.778015 -14.222201 -377 ) (625.778015 -14.222201 -32 ) 
4 56 62 (625.778015 0 -16 ) (625.778015 0 -32 ) (625.778015 -14.222201 -32 ) (625.778015 -14.222201 -16 ) 
4 56 60 (625.778015 -14.222201 -16 ) (625.778015 -14.222201 -377 ) (960 -14.222201 -377 ) (960 -14.222201 -16 ) 
4 57 73 (1024 -1024 -16 ) (1024 -1024 584 ) (960 -1024 584 ) (960 -1024 -16 ) 
4 57 60 (960 -14.222201 -16 ) (1024 -14.222201 -16 ) (1024 -1024 -16 ) (960 -1024 -16 ) 
4 57 58 (960 -32 304 ) (960 -32 584 ) (960 -14.222201 584 ) (960 -14.222201 304 ) 
4 57 59 (960 -32 -16 ) (960 -1024 -16 ) (960 -1024 584 ) (960 -32 584 ) 
4 58 61 (625.778015 -32 584 ) (625.778015 -14.222201 584 ) (625.778015 -14.222201 304 ) (625.778015 -32 304 ) 
4 58 59 (960 -32 304 ) (960 -32 584 ) (625.778015 -32 584 ) (625.778015 -32 304 ) 
4 59 73 (960 -1024 584 ) (625.778015 -1024 584 ) (625.778015 -1024 -16 ) (960 -1024 -16 ) 
4 59 63 (625.778015 -1024 -16 ) (625.778015 -1024 584 ) (625.778015 -32 584 ) (625.778015 -32 -16 ) 
4 59 60 (625.778015 -1024 -16 ) (625.778015 -32 -16 ) (960 -32 -16 ) (960 -1024 -16 ) 
4 60 73 (1024 -1024 -377 ) (1024 -1024 -16 ) (625.778015 -1024 -16 ) (625.778015 -1024 -377 ) 
4 60 71 (625.778015 -1024 -377 ) (625.778015 -1024 -32 ) (625.778015 -14.222201 -32 ) (625.778015 -14.222201 -377 ) 
4 60 62 (625.778015 -32 -16 ) (625.778015 -14.222201 -16 ) (625.778015 -14.222201 -32 ) (625.778015 -32 -32 ) 
4 60 63 (625.778015 -1024 -32 ) (625.778015 -1024 -16 ) (625.778015 -32 -16 ) (625.778015 -32 -32 ) 
4 61 64 (608 -32 304 ) (608 -32 584 ) (608 0 584 ) (608 0 304 ) 
4 61 63 (608 -32 584 ) (608 -32 304 ) (625.778015 -32 304 ) (625.778015 -32 584 ) 
4 62 71 (608 0 -32 ) (625.778015 0 -32 ) (625.778015 -32 -32 ) (608 -32 -32 ) 
4 62 64 (608 0 -32 ) (608 -32 -32 ) (608 -32 -16 ) (608 0 -16 ) 
4 62 63 (608 -32 -16 ) (608 -32 -32 ) (625.778015 -32 -32 ) (625.778015 -32 -16 ) 
4 63 73 (608 -1024 -32 ) (625.778015 -1024 -32 ) (625.778015 -1024 584 ) (608 -1024 584 ) 
4 63 71 (625.778015 -32 -32 ) (625.778015 -1024 -32 ) (608 -1024 -32 ) (608 -32 -32 ) 
4 63 64 (608 -32 -32 ) (608 -1024 -32 ) (608 -1024 584 ) (608 -32 584 ) 
4 64 73 (352 -1024 -32 ) (608 -1024 -32 ) (608 -1024 584 ) (352 -1024 584 ) 
4 64 71 (352 0 -32 ) (608 0 -32 ) (608 -1024 -32 ) (352 -1024 -32 ) 
4 64 65 (352 -256 320 ) (352 -256 584 ) (352 0 584 ) (352 0 320 ) 
4 64 66 (352 -256 -32 ) (352 -1024 -32 ) (352 -1024 584 ) (352 -256 584 ) 
4 65 67 (320 0 584 ) (320 0 320 ) (320 -256 320 ) (320 -256 584 ) 
4 65 66 (352 -256 320 ) (352 -256 584 ) (320 -256 584 ) (320 -256 320 ) 
4 66 73 (320 -1024 -32 ) (352 -1024 -32 ) (352 -1024 584 ) (320 -1024 584 ) 
4 66 71 (352 -256 -32 ) (352 -1024 -32 ) (320 -1024 -32 ) (320 -256 -32 ) 
4 66 70 (320 -288 -32 ) (320 -1024 -32 ) (320 -1024 320 ) (320 -288 320 ) 
4 66 69 (320 -1024 320 ) (320 -1024 584 ) (320 -256 584 ) (320 -256 320 ) 
4 67 74 (0 0 584 ) (0 0 320 ) (0 -256 320 ) (0 -256 584 ) 
4 67 69 (320 -256 320 ) (320 -256 584 ) (0 -256 584 ) (0 -256 320 ) 
4 68 75 (0 0 288 ) (0 0 0 ) (0 -256 0 ) (0 -256 288 ) 
4 69 76 (0 -288 584 ) (0 -256 584 ) (0 -256 320 ) (0 -288 320 ) 
4 69 77 (0 -1024 320 ) (0 -1024 584 ) (0 -288 584 ) (0 -288 320 ) 
4 69 73 (0 -1024 584 ) (0 -1024 320 ) (320 -1024 320 ) (320 -1024 584 ) 
4 69 70 (320 -288 320 ) (320 -1024 320 ) (0 -1024 320 ) (0 -288 320 ) 
4 70 77 (0 -288 -32 ) (0 -1024 -32 ) (0 -1024 320 ) (0 -288 320 ) 
4 70 73 (0 -1024 320 ) (0 -1024 -32 ) (320 -1024 -32 ) (320 -1024 320 ) 
4 70 71 (0 -1024 -32 ) (0 -288 -32 ) (320 -288 -32 ) (320 -1024 -32 ) 
4 71 81 (0 0 -32 ) (0 0 -377 ) (0 -1024 -377 ) (0 -1024 -32 ) 
4 71 73 (0 -1024 -32 ) (0 -1024 -377 ) (625.778015 -1024 -377 ) (625.778015 -1024 -32 ) 
4 72 73 (1024 -1024 584 ) (1024 -1024 -377 ) (1024 -1350 -377 ) (1024 -1350 584 ) 
4 73 83 (0 -1350 584 ) (0 -1024 584 ) (0 -1024 -377 ) (0 -1350 -377 ) 
4 74 78 (-256 0 584 ) (-256 0 320 ) (-256 -256 320 ) (-256 -256 584 ) 
4 74 76 (-256 -256 584 ) (-256 -256 320 ) (0 -256 320 ) (0 -256 584 ) 
4 76 78 (-256 -288 320 ) (-256 -288 584 ) (-256 -256 584 ) (-256 -256 320 ) 
4 76 77 (0 -288 584 ) (-256 -288 584 ) (-256 -288 320 ) (0 -288 320 ) 
4 77 83 (0 -1024 -32 ) (0 -1024 584 ) (-256 -1024 584 ) (-256 -1024 -32 ) 
4 77 81 (0 -1024 -32 ) (-256 -1024 -32 ) (-256 -288 -32 ) (0 -288 -32 ) 
4 77 79 (-256 -288 -32 ) (-256 -1024 -32 ) (-256 -1024 320 ) (-256 -288 320 ) 
4 77 78 (-256 -1024 320 ) (-256 -1024 584 ) (-256 -288 584 ) (-256 -288 320 ) 
4 78 83 (-1024 -1024 584 ) (-1024 -1024 320 ) (-256 -1024 320 ) (-256 -1024 584 ) 
4 78 82 (-1024 0 584 ) (-1024 0 320 ) (-1024 -1024 320 ) (-1024 -1024 584 ) 
4 78 79 (-256 -256 320 ) (-256 -1024 320 ) (-288 -1024 320 ) (-288 -256 320 ) 
4 78 80 (-1024 0 320 ) (-288 0 320 ) (-288 -1024 320 ) (-1024 -1024 320 ) 
4 79 83 (-288 -1024 -32 ) (-256 -1024 -32 ) (-256 -1024 320 ) (-288 -1024 320 ) 
4 79 81 (-256 -1024 -32 ) (-288 -1024 -32 ) (-288 -256 -32 ) (-256 -256 -32 ) 
4 79 80 (-288 -256 -32 ) (-288 -1024 -32 ) (-288 -1024 320 ) (-288 -256 320 ) 
4 80 83 (-1024 -1024 320 ) (-1024 -1024 -32 ) (-288 -1024 -32 ) (-288 -1024 320 ) 
4 80 82 (-1024 0 320 ) (-1024 0 -32 ) (-1024 -1024 -32 ) (-1024 -1024 320 ) 
4 80 81 (-288 -1024 -32 ) (-1024 -1024 -32 ) (-1024 0 -32 ) (-288 0 -32 ) 
4 81 83 (0 -1024 -377 ) (0 -1024 -32 ) (-1024 -1024 -32 ) (-1024 -1024 -377 ) 
4 81 82 (-1024 0 -32 ) (-1024 0 -377 ) (-1024 -1024 -377 ) (-1024 -1024 -32 ) 
4 82 84 (-1024 -1024 -377 ) (-1024 -1024 584 ) (-1471 -1024 584 ) (-1471 -1024 -377 ) 
4 83 84 (-1024 -1024 584 ) (-1024 -1024 -377 ) (-1024 -1350 -377 ) (-1024 -1350 584 ) 
